<?xml version="1.0" encoding="UTF-8"?>
<!-- Generated by org.testng.reporters.JUnitReportReporter -->
<testsuite hostname="DESKTOP-IBO7BN4" failures="0" tests="1" name="com.labourform.test.ValidateSearchEmployeeButton" time="60.984" errors="0" timestamp="2023-10-09T12:35:21 IST" skipped="0">
  <testcase classname="com.labourform.test.ValidateSearchEmployeeButton" name="ValidateSearchBox" time="60.984"/>
  <system-out/>
</testsuite> <!-- com.labourform.test.ValidateSearchEmployeeButton -->
